<?xml version="1.0" encoding="UTF-8"?>
<!-- Generated by org.testng.reporters.JUnitXMLReporter -->
<testsuite ignored="0" hostname="TABLET-62734F6L" failures="1" tests="6" name="Default test" time="137.87" errors="0" timestamp="2022-10-30T11:57:43 CDT">
  <testcase classname="io.cucumber.testng.AbstractTestNGCucumberTests" name="runScenario" time="20.437"/>
  <testcase classname="io.cucumber.testng.AbstractTestNGCucumberTests" name="runScenario" time="63.228"/>
  <testcase classname="io.cucumber.testng.AbstractTestNGCucumberTests" name="runScenario" time="18.945"/>
  <testcase classname="io.cucumber.testng.AbstractTestNGCucumberTests" name="runScenario" time="12.6"/>
  <testcase classname="io.cucumber.testng.AbstractTestNGCucumberTests" name="runScenario" time="14.379"/>
  <testcase classname="io.cucumber.testng.AbstractTestNGCucumberTests" name="runScenario" time="7.211">
    <failure type="java.lang.AssertionError" message="expected [Login Successfully] but found []">
      <![CDATA[java.lang.AssertionError: expected [Login Successfully] but found []
at org.testng.Assert.fail(Assert.java:110)
at org.testng.Assert.failNotEquals(Assert.java:1413)
at org.testng.Assert.assertEqualsImpl(Assert.java:149)
at org.testng.Assert.assertEquals(Assert.java:131)
at org.testng.Assert.assertEquals(Assert.java:655)
at org.testng.Assert.assertEquals(Assert.java:665)
at pageObjectModels.Guru99pageValidation.positiveMsg(Guru99pageValidation.java:24)
at stepDefination.Guru99demoSignon.user_should_see_positive_massage_as(Guru99demoSignon.java:36)
at âœ½.user should see positive massage as "Login Successfully"(file:///C:/Users/basny/eclipse-workspace/CucumberBDD2022/Features/guru99DemoSignOn.feature:12)
]]>
    </failure>
  </testcase> <!-- runScenario -->
</testsuite> <!-- Default test -->
