<html>
<head>
<title>TestNG:  Default test</title>
<link href="../testng.css" rel="stylesheet" type="text/css" />
<link href="../my-testng.css" rel="stylesheet" type="text/css" />

<style type="text/css">
.log { display: none;} 
.stack-trace { display: none;} 
</style>
<script type="text/javascript">
<!--
function flip(e) {
  current = e.style.display;
  if (current == 'block') {
    e.style.display = 'none';
    return 0;
  }
  else {
    e.style.display = 'block';
    return 1;
  }
}

function toggleBox(szDivId, elem, msg1, msg2)
{
  var res = -1;  if (document.getElementById) {
    res = flip(document.getElementById(szDivId));
  }
  else if (document.all) {
    // this is the way old msie versions work
    res = flip(document.all[szDivId]);
  }
  if(elem) {
    if(res == 0) elem.innerHTML = msg1; else elem.innerHTML = msg2;
  }

}

function toggleAllBoxes() {
  if (document.getElementsByTagName) {
    d = document.getElementsByTagName('div');
    for (i = 0; i < d.length; i++) {
      if (d[i].className == 'log') {
        flip(d[i]);
      }
    }
  }
}

// -->
</script>

</head>
<body>
<h2 align='center'>Default test</h2><table border='1' align="center">
<tr>
<td>Tests passed/Failed/Skipped:</td><td>5/1/0</td>
</tr><tr>
<td>Started on:</td><td>Sun Oct 30 11:55:25 CDT 2022</td>
</tr>
<tr><td>Total time:</td><td>137 seconds (137870 ms)</td>
</tr><tr>
<td>Included groups:</td><td></td>
</tr><tr>
<td>Excluded groups:</td><td></td>
</tr>
</table><p/>
<small><i>(Hover the method name to see the test class name)</i></small><p/>
<table width='100%' border='1' class='invocation-failed'>
<tr><td colspan='4' align='center'><b>FAILED TESTS</b></td></tr>
<tr><td><b>Test method</b></td>
<td><b>Attribute(s)</b></td>
<td width="30%"><b>Exception</b></td>
<td width="10%"><b>Time (seconds)</b></td>
<td><b>Instance</b></td>
</tr>
<tr>
<td title='testRunner.TestRunnerwithTestNG.runScenario()'><b>runScenario</b><br>Test class: testRunner.TestRunnerwithTestNG<br>Test method: Runs Cucumber Scenarios<br>Parameters: "User sign on different kind of user name and password", "Guru99 Demo Signon"</td>
<td><div><pre>java.lang.AssertionError: expected [Login Successfully] but found []
	at org.testng.Assert.fail(Assert.java:110)
	at org.testng.Assert.failNotEquals(Assert.java:1413)
	at org.testng.Assert.assertEqualsImpl(Assert.java:149)
	at org.testng.Assert.assertEquals(Assert.java:131)
	at org.testng.Assert.assertEquals(Assert.java:655)
	at org.testng.Assert.assertEquals(Assert.java:665)
	at pageObjectModels.Guru99pageValidation.positiveMsg(Guru99pageValidation.java:24)
	at stepDefination.Guru99demoSignon.user_should_see_positive_massage_as(Guru99demoSignon.java:36)
	at ?.user should see positive massage as &quot;Login Successfully&quot;(file:///C:/Users/basny/eclipse-workspace/CucumberBDD2022/Features/guru99DemoSignOn.feature:12)
</pre></div><a href='#' onClick='toggleBox("stack-trace1713204150", this, "Click to show all stack frames", "Click to hide stack frames")'>Click to show all stack frames</a>
<div class='stack-trace' id='stack-trace1713204150'><pre>java.lang.AssertionError: expected [Login Successfully] but found []
	at org.testng.Assert.fail(Assert.java:110)
	at org.testng.Assert.failNotEquals(Assert.java:1413)
	at org.testng.Assert.assertEqualsImpl(Assert.java:149)
	at org.testng.Assert.assertEquals(Assert.java:131)
	at org.testng.Assert.assertEquals(Assert.java:655)
	at org.testng.Assert.assertEquals(Assert.java:665)
	at pageObjectModels.Guru99pageValidation.positiveMsg(Guru99pageValidation.java:24)
	at stepDefination.Guru99demoSignon.user_should_see_positive_massage_as(Guru99demoSignon.java:36)
	at ?.user should see positive massage as &quot;Login Successfully&quot;(file:///C:/Users/basny/eclipse-workspace/CucumberBDD2022/Features/guru99DemoSignOn.feature:12)
</pre></div></td>
<td>7</td>
<td>testRunner.TestRunnerwithTestNG@409bf450</td></tr>
</table><p>
<table width='100%' border='1' class='invocation-passed'>
<tr><td colspan='4' align='center'><b>PASSED TESTS</b></td></tr>
<tr><td><b>Test method</b></td>
<td><b>Attribute(s)</b></td>
<td width="30%"><b>Exception</b></td>
<td width="10%"><b>Time (seconds)</b></td>
<td><b>Instance</b></td>
</tr>
<tr>
<td title='testRunner.TestRunnerwithTestNG.runScenario()'><b>runScenario</b><br>Test class: testRunner.TestRunnerwithTestNG<br>Test method: Runs Cucumber Scenarios<br>Parameters: "Login functionality test using Invalid credentials", "OrangHRM login page"</td>
<td></td>
<td>18</td>
<td>testRunner.TestRunnerwithTestNG@409bf450</td></tr>
<tr>
<td title='testRunner.TestRunnerwithTestNG.runScenario()'><b>runScenario</b><br>Test class: testRunner.TestRunnerwithTestNG<br>Test method: Runs Cucumber Scenarios<br>Parameters: "Login functionality test using Invalid credentials", "OrangHRM login page"</td>
<td></td>
<td>14</td>
<td>testRunner.TestRunnerwithTestNG@409bf450</td></tr>
<tr>
<td title='testRunner.TestRunnerwithTestNG.runScenario()'><b>runScenario</b><br>Test class: testRunner.TestRunnerwithTestNG<br>Test method: Runs Cucumber Scenarios<br>Parameters: "Login functionality test using Invalid credentials", "OrangHRM login page"</td>
<td></td>
<td>12</td>
<td>testRunner.TestRunnerwithTestNG@409bf450</td></tr>
<tr>
<td title='testRunner.TestRunnerwithTestNG.runScenario()'><b>runScenario</b><br>Test class: testRunner.TestRunnerwithTestNG<br>Test method: Runs Cucumber Scenarios<br>Parameters: "Login admin account with positive and negative way", "NopCommerce Login functionality Test"</td>
<td></td>
<td>20</td>
<td>testRunner.TestRunnerwithTestNG@409bf450</td></tr>
<tr>
<td title='testRunner.TestRunnerwithTestNG.runScenario()'><b>runScenario</b><br>Test class: testRunner.TestRunnerwithTestNG<br>Test method: Runs Cucumber Scenarios<br>Parameters: "Login functionality test using valid credentials", "OrangHRM login page"</td>
<td></td>
<td>63</td>
<td>testRunner.TestRunnerwithTestNG@409bf450</td></tr>
</table><p>
</body>
</html>